[debug] [2018-10-23T10:44:40.782Z] ----------------------------------------------------------------------
[debug] [2018-10-23T10:44:40.785Z] Command:       C:\Program Files\nodejs\node.exe C:\Users\Mohsin\AppData\Roaming\npm\node_modules\firebase-tools\bin\firebase init
[debug] [2018-10-23T10:44:40.785Z] CLI Version:   5.0.1
[debug] [2018-10-23T10:44:40.785Z] Platform:      win32
[debug] [2018-10-23T10:44:40.786Z] Node Version:  v8.12.0
[debug] [2018-10-23T10:44:40.786Z] Time:          Tue Oct 23 2018 15:44:40 GMT+0500 (Pakistan Standard Time)
[debug] [2018-10-23T10:44:40.786Z] ----------------------------------------------------------------------
[debug] 
[debug] [2018-10-23T10:44:40.798Z] > command requires scopes: ["email","openid","https://www.googleapis.com/auth/cloudplatformprojects.readonly","https://www.googleapis.com/auth/firebase","https://www.googleapis.com/auth/cloud-platform"]
[debug] [2018-10-23T10:44:40.799Z] > authorizing via signed-in user
[info] 
     ######## #### ########  ######## ########     ###     ######  ########
     ##        ##  ##     ## ##       ##     ##  ##   ##  ##       ##
     ######    ##  ########  ######   ########  #########  ######  ######
     ##        ##  ##    ##  ##       ##     ## ##     ##       ## ##
     ##       #### ##     ## ######## ########  ##     ##  ######  ########

You're about to initialize a Firebase project in this directory:

  C:\Users\Mohsin\Documents\GitHub\bootcampers\todoapp

[info] 
=== Project Setup
[info] 
[info] First, let's associate this project directory with a Firebase project.
[info] You can create multiple project aliases by running firebase use --add, 
[info] but for now we'll just set up a default project.
[info] 
[debug] [2018-10-23T10:44:53.795Z] > refreshing access token with scopes: ["email","https://www.googleapis.com/auth/cloud-platform","https://www.googleapis.com/auth/cloudplatformprojects.readonly","https://www.googleapis.com/auth/firebase","openid"]
[debug] [2018-10-23T10:44:53.795Z] >>> HTTP REQUEST POST https://www.googleapis.com/oauth2/v3/token  
 <request body omitted>
[debug] [2018-10-23T10:44:55.244Z] <<< HTTP RESPONSE 200
[debug] [2018-10-23T10:44:55.289Z] >>> HTTP REQUEST GET https://admin.firebase.com/v1/projects  
 
[debug] [2018-10-23T10:44:56.475Z] <<< HTTP RESPONSE 200
[info] 
=== Hosting Setup
[info] 
[info] Your public directory is the folder (relative to your project directory) that
[info] will contain Hosting assets to be uploaded with firebase deploy. If you
[info] have a build process for your assets, use your build's output directory.
[info] 
